#
# There is insufficient memory for the Java Runtime Environment to continue.
# Native memory allocation (mmap) failed to map 268435456 bytes for G1 virtual space
# Possible reasons:
#   The system is out of physical RAM or swap space
#   The process is running with CompressedOops enabled, and the Java Heap may be blocking the growth of the native heap
# Possible solutions:
#   Reduce memory load on the system
#   Increase physical memory or swap space
#   Check if swap backing store is full
#   Decrease Java heap size (-Xmx/-Xms)
#   Decrease number of Java threads
#   Decrease Java thread stack sizes (-Xss)
#   Set larger code cache with -XX:ReservedCodeCacheSize=
#   JVM is running with Zero Based Compressed Oops mode in which the Java heap is
#     placed in the first 32GB address space. The Java Heap base address is the
#     maximum limit for the native heap growth. Please use -XX:HeapBaseMinAddress
#     to set the Java Heap base and to place the Java Heap above 32GB virtual address.
# This output file may be truncated or incomplete.
#
#  Out of Memory Error (./open/src/hotspot/os/windows/os_windows.cpp:3472), pid=40528, tid=37112
#
# JRE version:  (15.0+36) (build )
# Java VM: OpenJDK 64-Bit Server VM (15+36-1562, mixed mode, sharing, tiered, compressed oops, g1 gc, windows-amd64)
# No core dump will be written. Minidumps are not enabled by default on client versions of Windows
#

---------------  S U M M A R Y ------------

Command Line: -Dfile.encoding=Cp1252 -XX:+ShowCodeDetailsInExceptionMessages com.hackerr.test5.Solution

Host: Intel(R) Core(TM) i7-7700HQ CPU @ 2.80GHz, 8 cores, 15G,  Windows 10 , 64 bit Build 18362 (10.0.18362.1110)
Time: Sat Dec 26 20:56:31 2020 Sri Lanka Standard Time elapsed time: 0.062359 seconds (0d 0h 0m 0s)

---------------  T H R E A D  ---------------

Current thread (0x000002961ec02bd0):  JavaThread "Unknown thread" [_thread_in_vm, id=37112, stack(0x000000c480300000,0x000000c480400000)]

Stack: [0x000000c480300000,0x000000c480400000]
Native frames: (J=compiled Java code, j=interpreted, Vv=VM code, C=native code)
V  [jvm.dll+0x629eaa]
V  [jvm.dll+0x780379]
V  [jvm.dll+0x781ad3]
V  [jvm.dll+0x782133]
V  [jvm.dll+0x2159d5]
V  [jvm.dll+0x627299]
V  [jvm.dll+0x61bdd5]
V  [jvm.dll+0x2cf96d]
V  [jvm.dll+0x2cf7d2]
V  [jvm.dll+0x2d57ac]
V  [jvm.dll+0x32523a]
V  [jvm.dll+0x324904]
V  [jvm.dll+0x2a68ea]
V  [jvm.dll+0x2a7a88]
V  [jvm.dll+0x75d0f1]
V  [jvm.dll+0x333af4]
V  [jvm.dll+0x73d816]
V  [jvm.dll+0x3b68e7]
V  [jvm.dll+0x3b8371]
C  [jli.dll+0x52fb]
C  [ucrtbase.dll+0x210b2]
C  [KERNEL32.DLL+0x17c24]
C  [ntdll.dll+0x6cea1]


---------------  P R O C E S S  ---------------

Threads class SMR info:
_java_thread_list=0x00007ffd4a752fa0, length=0, elements={
}

Java Threads: ( => current thread )

Other Threads:
  0x000002961ec58010 GCTaskThread "GC Thread#0" [stack: 0x000000c480400000,0x000000c480500000] [id=22408]
  0x000002961ec69030 ConcurrentGCThread "G1 Main Marker" [stack: 0x000000c480500000,0x000000c480600000] [id=43996]
  0x000002961ec6b2e0 ConcurrentGCThread "G1 Conc#0" [stack: 0x000000c480600000,0x000000c480700000] [id=41732]

[error occurred during error reporting (printing all threads), id 0xc0000005, EXCEPTION_ACCESS_VIOLATION (0xc0000005) at pc=0x00007ffd49f477b7]

VM state: not at safepoint (not fully initialized)

VM Mutex/Monitor currently owned by a thread:  ([mutex/lock_event])
[0x000002961ebff510] Heap_lock - owner thread: 0x000002961ec02bd0

Heap address: 0x0000000701c00000, size: 4068 MB, Compressed Oops mode: Zero based, Oop shift amount: 3
CDS archive(s) mapped at: [0x0000000000000000-0x0000000000000000-0x0000000000000000), size 0, SharedBaseAddress: 0x0000000800000000, ArchiveRelocationMode: 0.
Narrow klass base: 0x0000000000000000, Narrow klass shift: 0, Narrow klass range: 0x0

Heap:
 garbage-first heap   total 262144K, used 0K [0x0000000701c00000, 0x0000000800000000)
  region size 2048K, 0 young (0K), 0 survivors (0K)
 Metaspace       used 0K, capacity 0K, committed 0K, reserved 0K
  class space    used 0K, capacity 0K, committed 0K, reserved 0K

Heap Regions: E=young(eden), S=young(survivor), O=old, HS=humongous(starts), HC=humongous(continues), CS=collection set, F=free, OA=open archive, CA=closed archive, TAMS=top-at-mark-start (previous, next)

Card table byte_map: [0x0000029632130000,0x0000029632930000] _byte_map_base: 0x000002962e922000

Marking Bits (Prev, Next): (CMBitMap*) 0x000002961ec58790, (CMBitMap*) 0x000002961ec587d0
 Prev Bits: [0x0000029633130000, 0x00000296370c0000)
 Next Bits: [0x00000296370c0000, 0x000002963b050000)

GC Heap History (0 events):
No events

Deoptimization events (0 events):
No events

Classes unloaded (0 events):
No events

Classes redefined (0 events):
No events

Internal exceptions (0 events):
No events

Events (1 events):
Event: 0.011 Loaded shared library D:\softinst\spring-tool-suite-4-4.8.1.RELEASE-e4.17.0-win32.win32.x86_64.self-extracting\contents\sts-4.8.1.RELEASE\plugins\org.eclipse.justj.openjdk.hotspot.jre.full.win32.x86_64_15.0.0.v20201014-1246\jre\bin\java.dll


Dynamic libraries:
0x00007ff738b30000 - 0x00007ff738b3d000 	D:\softinst\spring-tool-suite-4-4.8.1.RELEASE-e4.17.0-win32.win32.x86_64.self-extracting\contents\sts-4.8.1.RELEASE\plugins\org.eclipse.justj.openjdk.hotspot.jre.full.win32.x86_64_15.0.0.v20201014-1246\jre\bin\javaw.exe
0x00007ffdeab20000 - 0x00007ffdead10000 	C:\WINDOWS\SYSTEM32\ntdll.dll
0x00007ffde9ec0000 - 0x00007ffde9f72000 	C:\WINDOWS\System32\KERNEL32.DLL
0x00007ffde8650000 - 0x00007ffde88f5000 	C:\WINDOWS\System32\KERNELBASE.dll
0x00007ffd9cf50000 - 0x00007ffd9d005000 	C:\Program Files\Bitdefender Antivirus Free\bdhkm\265038327747083349\bdhkm64.dll
0x00007ffd98b90000 - 0x00007ffd98c7d000 	C:\Program Files\Bitdefender Antivirus Free\atcuf\265053748968079899\atcuf64.dll
0x00007ffde8930000 - 0x00007ffde8a2a000 	C:\WINDOWS\System32\ucrtbase.dll
0x00007ffdd5640000 - 0x00007ffdd5658000 	D:\softinst\spring-tool-suite-4-4.8.1.RELEASE-e4.17.0-win32.win32.x86_64.self-extracting\contents\sts-4.8.1.RELEASE\plugins\org.eclipse.justj.openjdk.hotspot.jre.full.win32.x86_64_15.0.0.v20201014-1246\jre\bin\jli.dll
0x00007ffdea120000 - 0x00007ffdea2b4000 	C:\WINDOWS\System32\USER32.dll
0x00007ffde7bd0000 - 0x00007ffde7bf1000 	C:\WINDOWS\System32\win32u.dll
0x00007ffde8fd0000 - 0x00007ffde8ff6000 	C:\WINDOWS\System32\GDI32.dll
0x00007ffde8a30000 - 0x00007ffde8bc6000 	C:\WINDOWS\System32\gdi32full.dll
0x00007ffde8550000 - 0x00007ffde85ee000 	C:\WINDOWS\System32\msvcp_win.dll
0x00007ffdd3dd0000 - 0x00007ffdd3de9000 	D:\softinst\spring-tool-suite-4-4.8.1.RELEASE-e4.17.0-win32.win32.x86_64.self-extracting\contents\sts-4.8.1.RELEASE\plugins\org.eclipse.justj.openjdk.hotspot.jre.full.win32.x86_64_15.0.0.v20201014-1246\jre\bin\VCRUNTIME140.dll
0x00007ffdd8200000 - 0x00007ffdd8484000 	C:\WINDOWS\WinSxS\amd64_microsoft.windows.common-controls_6595b64144ccf1df_6.0.18362.1139_none_9e7bf2d3e4605ac6\COMCTL32.dll
0x00007ffdea9e0000 - 0x00007ffdeaa7e000 	C:\WINDOWS\System32\msvcrt.dll
0x00007ffde8c90000 - 0x00007ffde8fc5000 	C:\WINDOWS\System32\combase.dll
0x00007ffde9410000 - 0x00007ffde9530000 	C:\WINDOWS\System32\RPCRT4.dll
0x00007ffde7c00000 - 0x00007ffde7c80000 	C:\WINDOWS\System32\bcryptPrimitives.dll
0x00007ffde93e0000 - 0x00007ffde940e000 	C:\WINDOWS\System32\IMM32.DLL
0x00007ffde35d0000 - 0x00007ffde35dc000 	D:\softinst\spring-tool-suite-4-4.8.1.RELEASE-e4.17.0-win32.win32.x86_64.self-extracting\contents\sts-4.8.1.RELEASE\plugins\org.eclipse.justj.openjdk.hotspot.jre.full.win32.x86_64_15.0.0.v20201014-1246\jre\bin\vcruntime140_1.dll
0x00007ffd9d120000 - 0x00007ffd9d1b1000 	D:\softinst\spring-tool-suite-4-4.8.1.RELEASE-e4.17.0-win32.win32.x86_64.self-extracting\contents\sts-4.8.1.RELEASE\plugins\org.eclipse.justj.openjdk.hotspot.jre.full.win32.x86_64_15.0.0.v20201014-1246\jre\bin\msvcp140.dll
0x00007ffd49c90000 - 0x00007ffd4a7ec000 	D:\softinst\spring-tool-suite-4-4.8.1.RELEASE-e4.17.0-win32.win32.x86_64.self-extracting\contents\sts-4.8.1.RELEASE\plugins\org.eclipse.justj.openjdk.hotspot.jre.full.win32.x86_64_15.0.0.v20201014-1246\jre\bin\server\jvm.dll
0x00007ffde8bd0000 - 0x00007ffde8c73000 	C:\WINDOWS\System32\ADVAPI32.dll
0x00007ffde9530000 - 0x00007ffde95c7000 	C:\WINDOWS\System32\sechost.dll
0x00007ffde8c80000 - 0x00007ffde8c88000 	C:\WINDOWS\System32\PSAPI.DLL
0x00007ffdd29b0000 - 0x00007ffdd29b9000 	C:\WINDOWS\SYSTEM32\WSOCK32.dll
0x00007ffde92d0000 - 0x00007ffde933f000 	C:\WINDOWS\System32\WS2_32.dll
0x00007ffde2820000 - 0x00007ffde2844000 	C:\WINDOWS\SYSTEM32\WINMM.dll
0x00007ffde2f30000 - 0x00007ffde2f3a000 	C:\WINDOWS\SYSTEM32\VERSION.dll
0x00007ffde27a0000 - 0x00007ffde27cd000 	C:\WINDOWS\SYSTEM32\WINMMBASE.dll
0x00007ffde7ab0000 - 0x00007ffde7afa000 	C:\WINDOWS\System32\cfgmgr32.dll
0x00007ffde79f0000 - 0x00007ffde7a01000 	C:\WINDOWS\System32\kernel.appcore.dll
0x00007ffde4c70000 - 0x00007ffde4c7a000 	D:\softinst\spring-tool-suite-4-4.8.1.RELEASE-e4.17.0-win32.win32.x86_64.self-extracting\contents\sts-4.8.1.RELEASE\plugins\org.eclipse.justj.openjdk.hotspot.jre.full.win32.x86_64_15.0.0.v20201014-1246\jre\bin\jimage.dll
0x00007ffdded00000 - 0x00007ffddeef4000 	C:\WINDOWS\SYSTEM32\DBGHELP.DLL
0x00007ffdd5980000 - 0x00007ffdd59aa000 	C:\WINDOWS\SYSTEM32\dbgcore.DLL
0x00007ffde36b0000 - 0x00007ffde36d5000 	D:\softinst\spring-tool-suite-4-4.8.1.RELEASE-e4.17.0-win32.win32.x86_64.self-extracting\contents\sts-4.8.1.RELEASE\plugins\org.eclipse.justj.openjdk.hotspot.jre.full.win32.x86_64_15.0.0.v20201014-1246\jre\bin\java.dll

dbghelp: loaded successfully - version: 4.0.5 - missing functions: none
symbol engine: initialized successfully - sym options: 0x614 - pdb path: .;D:\softinst\spring-tool-suite-4-4.8.1.RELEASE-e4.17.0-win32.win32.x86_64.self-extracting\contents\sts-4.8.1.RELEASE\plugins\org.eclipse.justj.openjdk.hotspot.jre.full.win32.x86_64_15.0.0.v20201014-1246\jre\bin;C:\WINDOWS\SYSTEM32;C:\Program Files\Bitdefender Antivirus Free\bdhkm\265038327747083349;C:\Program Files\Bitdefender Antivirus Free\atcuf\265053748968079899;C:\WINDOWS\WinSxS\amd64_microsoft.windows.common-controls_6595b64144ccf1df_6.0.18362.1139_none_9e7bf2d3e4605ac6;D:\softinst\spring-tool-suite-4-4.8.1.RELEASE-e4.17.0-win32.win32.x86_64.self-extracting\contents\sts-4.8.1.RELEASE\plugins\org.eclipse.justj.openjdk.hotspot.jre.full.win32.x86_64_15.0.0.v20201014-1246\jre\bin\server

VM Arguments:
jvm_args: -Dfile.encoding=Cp1252 -XX:+ShowCodeDetailsInExceptionMessages 
java_command: com.hackerr.test5.Solution
java_class_path (initial): D:\softinst\spring-tool-suite-4-4.8.1.RELEASE-e4.17.0-win32.win32.x86_64.self-extracting\Newfolder\HackerRank\bin
Launcher Type: SUN_STANDARD

[Global flags]
     intx CICompilerCount                          = 4                                         {product} {ergonomic}
     uint ConcGCThreads                            = 2                                         {product} {ergonomic}
     uint G1ConcRefinementThreads                  = 8                                         {product} {ergonomic}
   size_t G1HeapRegionSize                         = 2097152                                   {product} {ergonomic}
    uintx GCDrainStackTargetSize                   = 64                                        {product} {ergonomic}
   size_t InitialHeapSize                          = 268435456                                 {product} {ergonomic}
   size_t MarkStackSize                            = 4194304                                   {product} {ergonomic}
   size_t MaxHeapSize                              = 4265607168                                {product} {ergonomic}
   size_t MinHeapDeltaBytes                        = 2097152                                   {product} {ergonomic}
   size_t MinHeapSize                              = 8388608                                   {product} {ergonomic}
    uintx NonNMethodCodeHeapSize                   = 5839372                                {pd product} {ergonomic}
    uintx NonProfiledCodeHeapSize                  = 122909434                              {pd product} {ergonomic}
    uintx ProfiledCodeHeapSize                     = 122909434                              {pd product} {ergonomic}
    uintx ReservedCodeCacheSize                    = 251658240                              {pd product} {ergonomic}
     bool SegmentedCodeCache                       = true                                      {product} {ergonomic}
     bool ShowCodeDetailsInExceptionMessages       = true                                   {manageable} {command line}
   size_t SoftMaxHeapSize                          = 4265607168                             {manageable} {ergonomic}
     bool UseCompressedClassPointers               = true                                 {lp64_product} {ergonomic}
     bool UseCompressedOops                        = true                                 {lp64_product} {ergonomic}
     bool UseG1GC                                  = true                                      {product} {ergonomic}
     bool UseLargePagesIndividualAllocation        = false                                  {pd product} {ergonomic}

Logging:
Log output configuration:
 #0: stdout all=warning uptime,level,tags
 #1: stderr all=off uptime,level,tags

Environment Variables:
JAVA_HOME=D:\softinst\java\jdk-11.0.5
PATH=D:/softinst/spring-tool-suite-4-4.8.1.RELEASE-e4.17.0-win32.win32.x86_64.self-extracting/contents/sts-4.8.1.RELEASE//plugins/org.eclipse.justj.openjdk.hotspot.jre.full.win32.x86_64_15.0.0.v20201014-1246/jre/bin/server;D:/softinst/spring-tool-suite-4-4.8.1.RELEASE-e4.17.0-win32.win32.x86_64.self-extracting/contents/sts-4.8.1.RELEASE//plugins/org.eclipse.justj.openjdk.hotspot.jre.full.win32.x86_64_15.0.0.v20201014-1246/jre/bin;C:\Program Files\Common Files\Oracle\Java\javapath;D:\softinst\oracle\virtual\product\12.2.0\dbhome_1\bin;D:\app\blackcat\virtual\product\12.2.0\dbhome_1\bin;D:\softinst\spring-2.2.6.RELEASE\bin;D:\softinst\java\jdk-11.0.5;C:\Program Files (x86)\Intel\iCLS Client\;C:\Program Files\Intel\iCLS Client\;C:\Windows\system32;C:\Windows;C:\Windows\System32\Wbem;C:\Windows\System32\WindowsPowerShell\v1.0\;C:\Program Files (x86)\NVIDIA Corporation\PhysX\Common;C:\Program Files (x86)\Intel\Intel(R) Management Engine Components\DAL;C:\Program Files\Intel\Intel(R) Management Engine Components\DAL;C:\Program Files (x86)\Intel\Intel(R) Management Engine Components\IPT;C:\Program Files\Intel\Intel(R) Management Engine Components\IPT;C:\WINDOWS\system32;C:\WINDOWS;C:\WINDOWS\System32\Wbem;C:\WINDOWS\System32\WindowsPowerShell\v1.0\;C:\WINDOWS\System32\OpenSSH\;C:\Program Files\NVIDIA Corporation\NVIDIA NvDLISR;D:\softinst\git\cmd;D:\softinst\wamp64\bin\php\php7.3.5;D:\softinst\nodejs\;C:\Program Files\dotnet\;C:\Program Files\Microsoft SQL Server\130\Tools\Binn\;C:\Program Files\Microsoft SQL Server\Client SDK\ODBC\170\Tools\Binn\;C:\Program Files (x86)\Microsoft SQL Server\150\Tools\Binn\;C:\Program Files\Microsoft SQL Server\150\Tools\Binn\;C:\Program Files\Microsoft SQL Server\150\DTS\Binn\;C:\Program Files (x86)\Microsoft SQL Server\150\DTS\Binn\;C:\Program Files (x86)\PuTTY\;D:\softinst\apache\apache-maven-3.6.3-bin\apache-maven-3.6.3\bin;D:\softinst\mingw-w64\mingw32\bin;C:\ProgramData\ComposerSetup\bin;C:\Program Files\PuTTY\;D:\softinst\Anaconda3;D:\s
USERNAME=blackcat
OS=Windows_NT
PROCESSOR_IDENTIFIER=Intel64 Family 6 Model 158 Stepping 9, GenuineIntel



---------------  S Y S T E M  ---------------

OS:
 Windows 10 , 64 bit Build 18362 (10.0.18362.1110)
OS uptime: 13 days 23:32 hours
HyperV virtualization detected

CPU: total 8 (initial active 8) (4 cores per cpu, 2 threads per core) family 6 model 158 stepping 9, cmov, cx8, fxsr, mmx, sse, sse2, sse3, ssse3, sse4.1, sse4.2, popcnt, vzeroupper, avx, avx2, aes, clmul, erms, 3dnowpref, lzcnt, ht, tsc, tscinvbit, bmi1, bmi2, adx, fma, clflush, clflushopt

Memory: 4k page, system-wide physical 16265M (4585M free)
TotalPageFile size 30424M (AvailPageFile size 64M)
current process WorkingSet (physical memory assigned to process): 11M, peak: 11M
current process commit charge ("private bytes"): 62M, peak: 318M

vm_info: OpenJDK 64-Bit Server VM (15+36-1562) for windows-amd64 JRE (15+36-1562), built on Aug 11 2020 22:33:04 by "mach5one" with unknown MS VC++:1925

END.
